<?xml version="1.0" encoding="UTF-8"?>
<testng-results skipped="0" failed="0" total="1" passed="1">
  <reporter-output>
  </reporter-output>
  <suite name="Suite" duration-ms="1326" started-at="2023-04-19T05:04:43Z" finished-at="2023-04-19T05:04:44Z">
    <groups>
    </groups>
    <test name="Test" duration-ms="1326" started-at="2023-04-19T05:04:43Z" finished-at="2023-04-19T05:04:44Z">
      <class name="automation.Flipkart">
        <test-method status="PASS" signature="TC01()[pri:0, instance:automation.Flipkart@53bd8fca]" name="TC01" duration-ms="1163" started-at="2023-04-19T10:34:43Z" finished-at="2023-04-19T10:34:44Z">
          <reporter-output>
          </reporter-output>
        </test-method> <!-- TC01 -->
      </class> <!-- automation.Flipkart -->
    </test> <!-- Test -->
  </suite> <!-- Suite -->
</testng-results>
